<?xml version="1.0" encoding="UTF-8"?>
<!-- Generated by org.testng.reporters.JUnitXMLReporter -->
<testsuite ignored="0" hostname="DESKTOP-V6QH7CG" failures="1" tests="3" name="Regression" time="44.356" errors="0" timestamp="2021-10-02T18:51:45 IDT">
  <testcase classname="Tests.ChatOnLine" name="ChatOnLineTest" time="2.032"/>
  <testcase classname="Tests.HomeDelivery" name="CityValidTest" time="12.112"/>
  <testcase classname="Tests.AddMeal" name="AddMeal_1" time="10.053">
    <failure type="java.lang.IndexOutOfBoundsException" message="Index 0 out of bounds for length 0">
      <![CDATA[java.lang.IndexOutOfBoundsException: Index 0 out of bounds for length 0
at java.base/jdk.internal.util.Preconditions.outOfBounds(Preconditions.java:64)
at java.base/jdk.internal.util.Preconditions.outOfBoundsCheckIndex(Preconditions.java:70)
at java.base/jdk.internal.util.Preconditions.checkIndex(Preconditions.java:266)
at java.base/java.util.Objects.checkIndex(Objects.java:359)
at java.base/java.util.ArrayList.get(ArrayList.java:427)
at org.openqa.selenium.support.pagefactory.internal.LocatingElementListHandler.invoke(LocatingElementListHandler.java:39)
at jdk.proxy2/jdk.proxy2.$Proxy15.get(Unknown Source)
at Tests.AddMeal.AddMeal_1(AddMeal.java:44)
at java.base/java.util.ArrayList.forEach(ArrayList.java:1511)
... Removed 31 stack frames]]>
    </failure>
  </testcase> <!-- AddMeal_1 -->
</testsuite> <!-- Regression -->
