<?xml version="1.0" encoding="UTF-8"?>
<!-- Generated by org.testng.reporters.JUnitXMLReporter -->
<testsuite ignored="0" hostname="DESKTOP-V6QH7CG" failures="1" tests="1" name="Test1" time="19.815" errors="0" timestamp="2021-10-20T23:21:16 IDT">
  <testcase classname="Tests.ChatOnLine" name="ChatOnLineTest" time="12.176">
    <failure type="java.lang.AssertionError" message="expected [2] but found [1]">
      <![CDATA[java.lang.AssertionError: expected [2] but found [1]
at Japanika.Functions.IdentifyChat(Functions.java:26)
at Tests.ChatOnLine.ChatOnLineTest(ChatOnLine.java:48)
at java.base/java.util.ArrayList.forEach(ArrayList.java:1511)
... Removed 33 stack frames]]>
    </failure>
  </testcase> <!-- ChatOnLineTest -->
</testsuite> <!-- Test1 -->
