<?xml version="1.0" encoding="UTF-8"?>
<!-- Generated by org.testng.reporters.JUnitXMLReporter -->
<testsuite ignored="0" hostname="DESKTOP-V6QH7CG" failures="0" tests="8" name="Test2-Test9" time="2.298" errors="0" timestamp="2021-10-26T20:21:02 IDT">
  <testcase classname="Tests.HomeDelivery" name="@BeforeClass BeforeClass" time="1.213">
    <failure type="org.openqa.selenium.SessionNotCreatedException" message="session not created: This version of ChromeDriver only supports Chrome version 93
Current browser version is 95.0.4638.54 with binary path C:\Program Files\Google\Chrome\Application\chrome.exe
Build info: version: &amp;apos;3.141.59&amp;apos;, revision: &amp;apos;e82be7d358&amp;apos;, time: &amp;apos;2018-11-14T08:17:03&amp;apos;
System info: host: &amp;apos;DESKTOP-V6QH7CG&amp;apos;, ip: &amp;apos;192.168.56.1&amp;apos;, os.name: &amp;apos;Windows 10&amp;apos;, os.arch: &amp;apos;amd64&amp;apos;, os.version: &amp;apos;10.0&amp;apos;, java.version: &amp;apos;16.0.1&amp;apos;
Driver info: driver.version: ChromeDriver
remote stacktrace: Backtrace:
	Ordinal0 [0x00E2A2D3+2663123]
	Ordinal0 [0x00DBA491+2204817]
	Ordinal0 [0x00CA2118+1057048]
	Ordinal0 [0x00CC041A+1180698]
	Ordinal0 [0x00CBC335+1164085]
	Ordinal0 [0x00CB9B7F+1153919]
	Ordinal0 [0x00CE9D8F+1351055]
	Ordinal0 [0x00CE99FA+1350138]
	Ordinal0 [0x00CE589B+1333403]
	Ordinal0 [0x00CC1F74+1187700]
	Ordinal0 [0x00CC2DC9+1191369]
	GetHandleVerifier [0x00FC30D6+1610054]
	GetHandleVerifier [0x0106B53B+2299307]
	GetHandleVerifier [0x00EB8DA9+519705]
	GetHandleVerifier [0x00EB7759+513993]
	Ordinal0 [0x00DC112D+2232621]
	Ordinal0 [0x00DC55F8+2250232]
	Ordinal0 [0x00DC5732+2250546]
	Ordinal0 [0x00DCE591+2286993]
	BaseThreadInitThunk [0x7751FA29+25]
	RtlGetAppContainerNamedObjectPath [0x77987A9E+286]
	RtlGetAppContainerNamedObjectPath [0x77987A6E+238]
">
      <![CDATA[org.openqa.selenium.SessionNotCreatedException: session not created: This version of ChromeDriver only supports Chrome version 93
Current browser version is 95.0.4638.54 with binary path C:\Program Files\Google\Chrome\Application\chrome.exe
Build info: version: '3.141.59', revision: 'e82be7d358', time: '2018-11-14T08:17:03'
System info: host: 'DESKTOP-V6QH7CG', ip: '192.168.56.1', os.name: 'Windows 10', os.arch: 'amd64', os.version: '10.0', java.version: '16.0.1'
Driver info: driver.version: ChromeDriver
remote stacktrace: Backtrace:
Ordinal0 [0x00E2A2D3+2663123]
Ordinal0 [0x00DBA491+2204817]
Ordinal0 [0x00CA2118+1057048]
Ordinal0 [0x00CC041A+1180698]
Ordinal0 [0x00CBC335+1164085]
Ordinal0 [0x00CB9B7F+1153919]
Ordinal0 [0x00CE9D8F+1351055]
Ordinal0 [0x00CE99FA+1350138]
Ordinal0 [0x00CE589B+1333403]
Ordinal0 [0x00CC1F74+1187700]
Ordinal0 [0x00CC2DC9+1191369]
GetHandleVerifier [0x00FC30D6+1610054]
GetHandleVerifier [0x0106B53B+2299307]
GetHandleVerifier [0x00EB8DA9+519705]
GetHandleVerifier [0x00EB7759+513993]
Ordinal0 [0x00DC112D+2232621]
Ordinal0 [0x00DC55F8+2250232]
Ordinal0 [0x00DC5732+2250546]
Ordinal0 [0x00DCE591+2286993]
BaseThreadInitThunk [0x7751FA29+25]
RtlGetAppContainerNamedObjectPath [0x77987A9E+286]
RtlGetAppContainerNamedObjectPath [0x77987A6E+238]

at org.openqa.selenium.remote.W3CHandshakeResponse.lambda$errorHandler$0(W3CHandshakeResponse.java:62)
at org.openqa.selenium.remote.HandshakeResponse.lambda$getResponseFunction$0(HandshakeResponse.java:30)
at org.openqa.selenium.remote.ProtocolHandshake.lambda$createSession$0(ProtocolHandshake.java:126)
at java.base/java.util.stream.ReferencePipeline$3$1.accept(ReferencePipeline.java:197)
at java.base/java.util.Spliterators$ArraySpliterator.tryAdvance(Spliterators.java:958)
at java.base/java.util.stream.ReferencePipeline.forEachWithCancel(ReferencePipeline.java:129)
at java.base/java.util.stream.AbstractPipeline.copyIntoWithCancel(AbstractPipeline.java:502)
at java.base/java.util.stream.AbstractPipeline.copyInto(AbstractPipeline.java:488)
at java.base/java.util.stream.AbstractPipeline.wrapAndCopyInto(AbstractPipeline.java:474)
at java.base/java.util.stream.FindOps$FindOp.evaluateSequential(FindOps.java:150)
at java.base/java.util.stream.AbstractPipeline.evaluate(AbstractPipeline.java:234)
at java.base/java.util.stream.ReferencePipeline.findFirst(ReferencePipeline.java:647)
at org.openqa.selenium.remote.ProtocolHandshake.createSession(ProtocolHandshake.java:128)
at org.openqa.selenium.remote.ProtocolHandshake.createSession(ProtocolHandshake.java:74)
at org.openqa.selenium.remote.HttpCommandExecutor.execute(HttpCommandExecutor.java:136)
at org.openqa.selenium.remote.service.DriverCommandExecutor.execute(DriverCommandExecutor.java:83)
at org.openqa.selenium.remote.RemoteWebDriver.execute(RemoteWebDriver.java:552)
at org.openqa.selenium.remote.RemoteWebDriver.startSession(RemoteWebDriver.java:213)
at org.openqa.selenium.remote.RemoteWebDriver.<init>(RemoteWebDriver.java:131)
at org.openqa.selenium.chrome.ChromeDriver.<init>(ChromeDriver.java:181)
at org.openqa.selenium.chrome.ChromeDriver.<init>(ChromeDriver.java:168)
at org.openqa.selenium.chrome.ChromeDriver.<init>(ChromeDriver.java:123)
at Tests.HomeDelivery.BeforeClass(HomeDelivery.java:41)
at java.base/java.util.ArrayList.forEach(ArrayList.java:1511)
... Removed 30 stack frames]]>
    </failure>
  </testcase> <!-- @BeforeClass BeforeClass -->
  <testcase classname="Tests.HomeDelivery" name="@AfterClass afterClass" time="1.009">
    <failure type="java.lang.NullPointerException" message="Cannot invoke &amp;quot;com.aventstack.extentreports.ExtentReports.flush()&amp;quot; because &amp;quot;Tests.HomeDelivery.extent&amp;quot; is null">
      <![CDATA[java.lang.NullPointerException: Cannot invoke "com.aventstack.extentreports.ExtentReports.flush()" because "Tests.HomeDelivery.extent" is null
at Tests.HomeDelivery.afterClass(HomeDelivery.java:60)
at java.base/java.util.ArrayList.forEach(ArrayList.java:1511)
... Removed 25 stack frames]]>
    </failure>
  </testcase> <!-- @AfterClass afterClass -->
  <testcase classname="Tests.HomeDelivery" name="CityNotValidTest" time="0.0">
    <skipped/>
  </testcase> <!-- CityNotValidTest -->
  <testcase classname="Tests.HomeDelivery" name="CityValidTest" time="0.0">
    <skipped/>
  </testcase> <!-- CityValidTest -->
  <testcase classname="Tests.HomeDelivery" name="AddMeal_1Test" time="0.0">
    <skipped/>
  </testcase> <!-- AddMeal_1Test -->
  <testcase classname="Tests.HomeDelivery" name="AddMeal_2Test" time="0.0">
    <skipped/>
  </testcase> <!-- AddMeal_2Test -->
  <testcase classname="Tests.HomeDelivery" name="ChangeMealDetailTest" time="0.0">
    <skipped/>
  </testcase> <!-- ChangeMealDetailTest -->
  <testcase classname="Tests.HomeDelivery" name="RemoveItemTest" time="0.0">
    <skipped/>
  </testcase> <!-- RemoveItemTest -->
  <testcase classname="Tests.HomeDelivery" name="CleanCartTest" time="0.0">
    <skipped/>
  </testcase> <!-- CleanCartTest -->
  <testcase classname="Tests.HomeDelivery" name="MinimumOrder" time="0.0">
    <skipped/>
  </testcase> <!-- MinimumOrder -->
</testsuite> <!-- Test2-Test9 -->
